<?xml version="1.0" encoding="UTF-8"?>
<coverage generated="1637535018395" clover="3.2.0">
  <project timestamp="1637535018395" name="All files">
    <metrics statements="51" coveredstatements="49" conditionals="6" coveredconditionals="6" methods="10" coveredmethods="9" elements="67" coveredelements="64" complexity="0" loc="51" ncloc="51" packages="4" files="6" classes="6"/>
    <package name="api.controllers">
      <metrics statements="19" coveredstatements="19" conditionals="4" coveredconditionals="4" methods="5" coveredmethods="5"/>
      <file name="greeting.ts" path="C:\Users\khale\OneDrive\Desktop\Important stuff\ROADMAP\JS world\Projects\Real projects\Kottab\api-example\src\api\controllers\greeting.ts">
        <metrics statements="7" coveredstatements="7" conditionals="2" coveredconditionals="2" methods="2" coveredmethods="2"/>
        <line num="2" count="2" type="stmt"/>
        <line num="4" count="2" type="stmt"/>
        <line num="5" count="2" type="cond" truecount="2" falsecount="0"/>
        <line num="6" count="2" type="stmt"/>
        <line num="10" count="2" type="stmt"/>
        <line num="11" count="1" type="stmt"/>
        <line num="12" count="1" type="stmt"/>
      </file>
      <file name="index.ts" path="C:\Users\khale\OneDrive\Desktop\Important stuff\ROADMAP\JS world\Projects\Real projects\Kottab\api-example\src\api\controllers\index.ts">
        <metrics statements="2" coveredstatements="2" conditionals="0" coveredconditionals="0" methods="0" coveredmethods="0"/>
        <line num="1" count="2" type="stmt"/>
        <line num="2" count="2" type="stmt"/>
      </file>
      <file name="user.ts" path="C:\Users\khale\OneDrive\Desktop\Important stuff\ROADMAP\JS world\Projects\Real projects\Kottab\api-example\src\api\controllers\user.ts">
        <metrics statements="10" coveredstatements="10" conditionals="2" coveredconditionals="2" methods="3" coveredmethods="3"/>
        <line num="3" count="2" type="stmt"/>
        <line num="4" count="2" type="stmt"/>
        <line num="6" count="2" type="stmt"/>
        <line num="7" count="3" type="stmt"/>
        <line num="8" count="3" type="stmt"/>
        <line num="10" count="2" type="cond" truecount="2" falsecount="0"/>
        <line num="11" count="1" type="stmt"/>
        <line num="14" count="1" type="stmt"/>
        <line num="16" count="1" type="stmt"/>
        <line num="20" count="1" type="stmt"/>
      </file>
    </package>
    <package name="api.services">
      <metrics statements="7" coveredstatements="7" conditionals="1" coveredconditionals="1" methods="2" coveredmethods="2"/>
      <file name="user.ts" path="C:\Users\khale\OneDrive\Desktop\Important stuff\ROADMAP\JS world\Projects\Real projects\Kottab\api-example\src\api\services\user.ts">
        <metrics statements="7" coveredstatements="7" conditionals="1" coveredconditionals="1" methods="2" coveredmethods="2"/>
        <line num="5" count="4" type="stmt"/>
        <line num="6" count="4" type="stmt"/>
        <line num="7" count="4" type="cond" truecount="1" falsecount="0"/>
        <line num="8" count="2" type="stmt"/>
        <line num="9" count="2" type="stmt"/>
        <line num="12" count="2" type="stmt"/>
        <line num="16" count="3" type="stmt"/>
      </file>
    </package>
    <package name="config">
      <metrics statements="6" coveredstatements="6" conditionals="0" coveredconditionals="0" methods="0" coveredmethods="0"/>
      <file name="index.ts" path="C:\Users\khale\OneDrive\Desktop\Important stuff\ROADMAP\JS world\Projects\Real projects\Kottab\api-example\src\config\index.ts">
        <metrics statements="6" coveredstatements="6" conditionals="0" coveredconditionals="0" methods="0" coveredmethods="0"/>
        <line num="1" count="2" type="stmt"/>
        <line num="2" count="2" type="stmt"/>
        <line num="4" count="2" type="stmt"/>
        <line num="14" count="2" type="stmt"/>
        <line num="22" count="2" type="stmt"/>
        <line num="28" count="2" type="stmt"/>
      </file>
    </package>
    <package name="utils">
      <metrics statements="19" coveredstatements="17" conditionals="1" coveredconditionals="1" methods="3" coveredmethods="2"/>
      <file name="express_dev_logger.ts" path="C:\Users\khale\OneDrive\Desktop\Important stuff\ROADMAP\JS world\Projects\Real projects\Kottab\api-example\src\utils\express_dev_logger.ts">
        <metrics statements="19" coveredstatements="17" conditionals="1" coveredconditionals="1" methods="3" coveredmethods="2"/>
        <line num="3" count="2" type="stmt"/>
        <line num="8" count="7" type="stmt"/>
        <line num="10" count="7" type="stmt"/>
        <line num="15" count="7" type="stmt"/>
        <line num="17" count="7" type="stmt"/>
        <line num="18" count="7" type="stmt"/>
        <line num="19" count="7" type="stmt"/>
        <line num="20" count="0" type="stmt"/>
        <line num="21" count="0" type="stmt"/>
        <line num="24" count="7" type="stmt"/>
        <line num="25" count="7" type="cond" truecount="1" falsecount="0"/>
        <line num="26" count="7" type="stmt"/>
        <line num="29" count="7" type="stmt"/>
        <line num="30" count="7" type="stmt"/>
        <line num="32" count="7" type="stmt"/>
        <line num="34" count="7" type="stmt"/>
        <line num="35" count="7" type="stmt"/>
        <line num="36" count="7" type="stmt"/>
        <line num="39" count="7" type="stmt"/>
      </file>
    </package>
  </project>
</coverage>
