{"C:\\Users\\khale\\OneDrive\\Desktop\\Important stuff\\ROADMAP\\JS world\\Projects\\Real projects\\Kottab\\api-example\\src\\api\\controllers\\greeting.ts": {"path":"C:\\Users\\khale\\OneDrive\\Desktop\\Important stuff\\ROADMAP\\JS world\\Projects\\Real projects\\Kottab\\api-example\\src\\api\\controllers\\greeting.ts","statementMap":{"0":{"start":{"line":2,"column":0},"end":{"line":2,"column":54}},"1":{"start":{"line":5,"column":15},"end":{"line":5,"column":43}},"2":{"start":{"line":6,"column":2},"end":{"line":6,"column":null}},"3":{"start":{"line":4,"column":0},"end":{"line":4,"column":16}},"4":{"start":{"line":11,"column":17},"end":{"line":11,"column":39}},"5":{"start":{"line":12,"column":2},"end":{"line":12,"column":null}},"6":{"start":{"line":10,"column":0},"end":{"line":10,"column":16}}},"fnMap":{"0":{"name":"hello","decl":{"start":{"line":4,"column":16},"end":{"line":4,"column":21}},"loc":{"start":{"line":4,"column":65},"end":{"line":7,"column":1}}},"1":{"name":"goodbye","decl":{"start":{"line":10,"column":16},"end":{"line":10,"column":23}},"loc":{"start":{"line":10,"column":67},"end":{"line":13,"column":1}}}},"branchMap":{"0":{"loc":{"start":{"line":5,"column":15},"end":{"line":5,"column":43}},"type":"binary-expr","locations":[{"start":{"line":5,"column":15},"end":{"line":5,"column":29}},{"start":{"line":5,"column":33},"end":{"line":5,"column":43}}]}},"s":{"0":1,"1":2,"2":2,"3":1,"4":1,"5":1,"6":1},"f":{"0":2,"1":1},"b":{"0":[2,1]}}
,"C:\\Users\\khale\\OneDrive\\Desktop\\Important stuff\\ROADMAP\\JS world\\Projects\\Real projects\\Kottab\\api-example\\src\\api\\controllers\\index.ts": {"path":"C:\\Users\\khale\\OneDrive\\Desktop\\Important stuff\\ROADMAP\\JS world\\Projects\\Real projects\\Kottab\\api-example\\src\\api\\controllers\\index.ts","statementMap":{"0":{"start":{"line":1,"column":0},"end":{"line":1,"column":26}},"1":{"start":{"line":2,"column":0},"end":{"line":2,"column":22}}},"fnMap":{},"branchMap":{},"s":{"0":1,"1":1},"f":{},"b":{}}
,"C:\\Users\\khale\\OneDrive\\Desktop\\Important stuff\\ROADMAP\\JS world\\Projects\\Real projects\\Kottab\\api-example\\src\\api\\controllers\\user.ts": {"path":"C:\\Users\\khale\\OneDrive\\Desktop\\Important stuff\\ROADMAP\\JS world\\Projects\\Real projects\\Kottab\\api-example\\src\\api\\controllers\\user.ts","statementMap":{"0":{"start":{"line":3,"column":0},"end":{"line":3,"column":50}},"1":{"start":{"line":4,"column":0},"end":{"line":4,"column":54}},"2":{"start":{"line":7,"column":16},"end":{"line":7,"column":42}},"3":{"start":{"line":8,"column":2},"end":{"line":21,"column":null}},"4":{"start":{"line":10,"column":6},"end":{"line":17,"column":null}},"5":{"start":{"line":11,"column":8},"end":{"line":13,"column":null}},"6":{"start":{"line":14,"column":8},"end":{"line":14,"column":null}},"7":{"start":{"line":16,"column":8},"end":{"line":16,"column":null}},"8":{"start":{"line":20,"column":6},"end":{"line":20,"column":null}},"9":{"start":{"line":6,"column":0},"end":{"line":6,"column":16}}},"fnMap":{"0":{"name":"auth","decl":{"start":{"line":6,"column":16},"end":{"line":6,"column":20}},"loc":{"start":{"line":6,"column":92},"end":{"line":22,"column":1}}},"1":{"name":"(anonymous_2)","decl":{"start":{"line":9,"column":10},"end":{"line":9,"column":22}},"loc":{"start":{"line":9,"column":22},"end":{"line":18,"column":5}}},"2":{"name":"(anonymous_3)","decl":{"start":{"line":19,"column":11},"end":{"line":19,"column":14}},"loc":{"start":{"line":19,"column":14},"end":{"line":21,"column":5}}}},"branchMap":{"0":{"loc":{"start":{"line":10,"column":6},"end":{"line":17,"column":null}},"type":"if","locations":[{"start":{"line":10,"column":6},"end":{"line":17,"column":null}},{"start":{"line":15,"column":13},"end":{"line":17,"column":null}}]}},"s":{"0":1,"1":1,"2":2,"3":2,"4":2,"5":1,"6":1,"7":1,"8":0,"9":1},"f":{"0":2,"1":2,"2":0},"b":{"0":[1,1]}}
,"C:\\Users\\khale\\OneDrive\\Desktop\\Important stuff\\ROADMAP\\JS world\\Projects\\Real projects\\Kottab\\api-example\\src\\api\\services\\user.ts": {"path":"C:\\Users\\khale\\OneDrive\\Desktop\\Important stuff\\ROADMAP\\JS world\\Projects\\Real projects\\Kottab\\api-example\\src\\api\\services\\user.ts","statementMap":{"0":{"start":{"line":5,"column":2},"end":{"line":13,"column":null}},"1":{"start":{"line":6,"column":18},"end":{"line":6,"column":52}},"2":{"start":{"line":7,"column":4},"end":{"line":10,"column":null}},"3":{"start":{"line":8,"column":6},"end":{"line":8,"column":null}},"4":{"start":{"line":9,"column":6},"end":{"line":9,"column":12}},"5":{"start":{"line":12,"column":4},"end":{"line":12,"column":null}},"6":{"start":{"line":16,"column":0},"end":{"line":16,"column":null}}},"fnMap":{"0":{"name":"auth","decl":{"start":{"line":4,"column":9},"end":{"line":4,"column":13}},"loc":{"start":{"line":4,"column":33},"end":{"line":14,"column":1}}},"1":{"name":"(anonymous_1)","decl":{"start":{"line":5,"column":21},"end":{"line":5,"column":30}},"loc":{"start":{"line":5,"column":45},"end":{"line":13,"column":3}}}},"branchMap":{"0":{"loc":{"start":{"line":7,"column":4},"end":{"line":10,"column":null}},"type":"if","locations":[{"start":{"line":7,"column":4},"end":{"line":10,"column":null}}]}},"s":{"0":4,"1":4,"2":4,"3":2,"4":2,"5":2,"6":2},"f":{"0":4,"1":4},"b":{"0":[2]}}
,"C:\\Users\\khale\\OneDrive\\Desktop\\Important stuff\\ROADMAP\\JS world\\Projects\\Real projects\\Kottab\\api-example\\src\\config\\index.ts": {"path":"C:\\Users\\khale\\OneDrive\\Desktop\\Important stuff\\ROADMAP\\JS world\\Projects\\Real projects\\Kottab\\api-example\\src\\config\\index.ts","statementMap":{"0":{"start":{"line":1,"column":0},"end":{"line":1,"column":45}},"1":{"start":{"line":2,"column":0},"end":{"line":2,"column":58}},"2":{"start":{"line":4,"column":12},"end":{"line":12,"column":2}},"3":{"start":{"line":14,"column":18},"end":{"line":14,"column":43}},"4":{"start":{"line":22,"column":23},"end":{"line":26,"column":2}},"5":{"start":{"line":28,"column":0},"end":{"line":28,"column":22}}},"fnMap":{},"branchMap":{},"s":{"0":1,"1":1,"2":1,"3":1,"4":1,"5":1},"f":{},"b":{}}
,"C:\\Users\\khale\\OneDrive\\Desktop\\Important stuff\\ROADMAP\\JS world\\Projects\\Real projects\\Kottab\\api-example\\src\\utils\\express.ts": {"path":"C:\\Users\\khale\\OneDrive\\Desktop\\Important stuff\\ROADMAP\\JS world\\Projects\\Real projects\\Kottab\\api-example\\src\\utils\\express.ts","statementMap":{"0":{"start":{"line":5,"column":15},"end":{"line":5,"column":87}},"1":{"start":{"line":6,"column":2},"end":{"line":6,"column":null}},"2":{"start":{"line":7,"column":2},"end":{"line":7,"column":null}},"3":{"start":{"line":4,"column":0},"end":{"line":4,"column":16}}},"fnMap":{"0":{"name":"writeJsonResponse","decl":{"start":{"line":4,"column":16},"end":{"line":4,"column":33}},"loc":{"start":{"line":4,"column":123},"end":{"line":8,"column":1}}}},"branchMap":{"0":{"loc":{"start":{"line":5,"column":15},"end":{"line":5,"column":87}},"type":"cond-expr","locations":[{"start":{"line":5,"column":45},"end":{"line":5,"column":77}},{"start":{"line":5,"column":80},"end":{"line":5,"column":87}}]}},"s":{"0":4,"1":4,"2":4,"3":1},"f":{"0":4},"b":{"0":[4,0]}}
,"C:\\Users\\khale\\OneDrive\\Desktop\\Important stuff\\ROADMAP\\JS world\\Projects\\Real projects\\Kottab\\api-example\\src\\utils\\express_dev_logger.ts": {"path":"C:\\Users\\khale\\OneDrive\\Desktop\\Important stuff\\ROADMAP\\JS world\\Projects\\Real projects\\Kottab\\api-example\\src\\utils\\express_dev_logger.ts","statementMap":{"0":{"start":{"line":3,"column":13},"end":{"line":32,"column":null}},"1":{"start":{"line":4,"column":22},"end":{"line":4,"column":38}},"2":{"start":{"line":6,"column":2},"end":{"line":6,"column":null}},"3":{"start":{"line":7,"column":2},"end":{"line":7,"column":null}},"4":{"start":{"line":9,"column":29},"end":{"line":9,"column":49}},"5":{"start":{"line":9,"column":17},"end":{"line":9,"column":19}},"6":{"start":{"line":9,"column":25},"end":{"line":9,"column":29}},"7":{"start":{"line":10,"column":27},"end":{"line":10,"column":29}},"8":{"start":{"line":11,"column":4},"end":{"line":14,"column":null}},"9":{"start":{"line":12,"column":4},"end":{"line":12,"column":null}},"10":{"start":{"line":13,"column":6},"end":{"line":13,"column":null}},"11":{"start":{"line":16,"column":2},"end":{"line":29,"column":null}},"12":{"start":{"line":17,"column":4},"end":{"line":19,"column":null}},"13":{"start":{"line":18,"column":6},"end":{"line":18,"column":null}},"14":{"start":{"line":21,"column":26},"end":{"line":21,"column":53}},"15":{"start":{"line":22,"column":28},"end":{"line":22,"column":76}},"16":{"start":{"line":24,"column":4},"end":{"line":24,"column":null}},"17":{"start":{"line":26,"column":17},"end":{"line":26,"column":55}},"18":{"start":{"line":27,"column":4},"end":{"line":27,"column":null}},"19":{"start":{"line":28,"column":6},"end":{"line":28,"column":null}},"20":{"start":{"line":31,"column":2},"end":{"line":31,"column":null}}},"fnMap":{"0":{"name":"(anonymous_0)","decl":{"start":{"line":3,"column":32},"end":{"line":3,"column":33}},"loc":{"start":{"line":3,"column":104},"end":{"line":32,"column":1}}},"1":{"name":"(anonymous_1)","decl":{"start":{"line":11,"column":28},"end":{"line":11,"column":37}},"loc":{"start":{"line":11,"column":47},"end":{"line":14,"column":3}}},"2":{"name":"(anonymous_2)","decl":{"start":{"line":16,"column":12},"end":{"line":16,"column":21}},"loc":{"start":{"line":16,"column":31},"end":{"line":29,"column":3}}}},"branchMap":{"0":{"loc":{"start":{"line":17,"column":4},"end":{"line":19,"column":null}},"type":"if","locations":[{"start":{"line":17,"column":4},"end":{"line":19,"column":null}}]}},"s":{"0":1,"1":0,"2":0,"3":0,"4":0,"5":0,"6":0,"7":0,"8":0,"9":0,"10":0,"11":0,"12":0,"13":0,"14":0,"15":0,"16":0,"17":0,"18":0,"19":0,"20":0},"f":{"0":0,"1":0,"2":0},"b":{"0":[0]}}
,"C:\\Users\\khale\\OneDrive\\Desktop\\Important stuff\\ROADMAP\\JS world\\Projects\\Real projects\\Kottab\\api-example\\src\\utils\\server.ts": {"path":"C:\\Users\\khale\\OneDrive\\Desktop\\Important stuff\\ROADMAP\\JS world\\Projects\\Real projects\\Kottab\\api-example\\src\\utils\\server.ts","statementMap":{"0":{"start":{"line":1,"column":0},"end":{"line":1,"column":37}},"1":{"start":{"line":2,"column":0},"end":{"line":2,"column":30}},"2":{"start":{"line":3,"column":0},"end":{"line":3,"column":61}},"3":{"start":{"line":5,"column":0},"end":{"line":5,"column":28}},"4":{"start":{"line":6,"column":0},"end":{"line":6,"column":37}},"5":{"start":{"line":7,"column":0},"end":{"line":7,"column":62}},"6":{"start":{"line":8,"column":0},"end":{"line":8,"column":26}},"7":{"start":{"line":9,"column":0},"end":{"line":9,"column":46}},"8":{"start":{"line":10,"column":0},"end":{"line":10,"column":35}},"9":{"start":{"line":11,"column":0},"end":{"line":11,"column":67}},"10":{"start":{"line":13,"column":8},"end":{"line":13,"column":46}},"11":{"start":{"line":14,"column":8},"end":{"line":14,"column":48}},"12":{"start":{"line":15,"column":8},"end":{"line":15,"column":46}},"13":{"start":{"line":16,"column":2},"end":{"line":16,"column":27}},"14":{"start":{"line":17,"column":8},"end":{"line":17,"column":27}},"15":{"start":{"line":19,"column":2},"end":{"line":19,"column":32}},"16":{"start":{"line":21,"column":2},"end":{"line":25,"column":null}},"17":{"start":{"line":22,"column":4},"end":{"line":24,"column":6}},"18":{"start":{"line":27,"column":2},"end":{"line":29,"column":null}},"19":{"start":{"line":28,"column":4},"end":{"line":28,"column":23}},"20":{"start":{"line":31,"column":2},"end":{"line":33,"column":null}},"21":{"start":{"line":32,"column":4},"end":{"line":32,"column":33}},"22":{"start":{"line":36,"column":8},"end":{"line":41,"column":4}},"23":{"start":{"line":42,"column":2},"end":{"line":42,"column":63}},"24":{"start":{"line":45,"column":2},"end":{"line":60,"column":4}},"25":{"start":{"line":52,"column":6},"end":{"line":58,"column":9}},"26":{"start":{"line":61,"column":8},"end":{"line":71,"column":5}},"27":{"start":{"line":63,"column":6},"end":{"line":63,"column":25}},"28":{"start":{"line":64,"column":6},"end":{"line":66,"column":8}},"29":{"start":{"line":65,"column":49},"end":{"line":65,"column":56}},"30":{"start":{"line":72,"column":2},"end":{"line":72,"column":18}},"31":{"start":{"line":73,"column":2},"end":{"line":73,"column":16}},"32":{"start":{"line":12,"column":0},"end":{"line":12,"column":22}}},"fnMap":{"0":{"name":"createServer","decl":{"start":{"line":12,"column":22},"end":{"line":12,"column":34}},"loc":{"start":{"line":12,"column":34},"end":{"line":74,"column":null}}},"1":{"name":"(anonymous_23)","decl":{"start":{"line":46,"column":4},"end":{"line":46,"column":null}},"loc":{"start":{"line":50,"column":32},"end":{"line":59,"column":5}}},"2":{"name":"(anonymous_24)","decl":{"start":{"line":62,"column":19},"end":{"line":62,"column":20}},"loc":{"start":{"line":62,"column":53},"end":{"line":67,"column":5}}},"3":{"name":"(anonymous_25)","decl":{"start":{"line":65,"column":37},"end":{"line":65,"column":38}},"loc":{"start":{"line":65,"column":44},"end":{"line":65,"column":50}}}},"branchMap":{"0":{"loc":{"start":{"line":21,"column":2},"end":{"line":25,"column":null}},"type":"if","locations":[{"start":{"line":21,"column":2},"end":{"line":25,"column":null}}]},"1":{"loc":{"start":{"line":27,"column":2},"end":{"line":29,"column":null}},"type":"if","locations":[{"start":{"line":27,"column":2},"end":{"line":29,"column":null}}]},"2":{"loc":{"start":{"line":31,"column":2},"end":{"line":33,"column":null}},"type":"if","locations":[{"start":{"line":31,"column":2},"end":{"line":33,"column":null}}]}},"s":{"0":1,"1":1,"2":1,"3":1,"4":1,"5":1,"6":1,"7":1,"8":1,"9":1,"10":1,"11":1,"12":1,"13":1,"14":1,"15":1,"16":1,"17":0,"18":1,"19":0,"20":1,"21":0,"22":1,"23":2,"24":1,"25":2,"26":1,"27":2,"28":2,"29":3,"30":1,"31":1,"32":1},"f":{"0":1,"1":2,"2":2,"3":3},"b":{"0":[0],"1":[0],"2":[0]}}
}
