{"C:\\Users\\khale\\OneDrive\\Desktop\\Important stuff\\ROADMAP\\JS world\\Projects\\Real projects\\Kottab\\api-example\\src\\api\\controllers\\greeting.ts": {"path":"C:\\Users\\khale\\OneDrive\\Desktop\\Important stuff\\ROADMAP\\JS world\\Projects\\Real projects\\Kottab\\api-example\\src\\api\\controllers\\greeting.ts","statementMap":{"0":{"start":{"line":2,"column":0},"end":{"line":2,"column":54}},"1":{"start":{"line":5,"column":15},"end":{"line":5,"column":43}},"2":{"start":{"line":6,"column":2},"end":{"line":6,"column":null}},"3":{"start":{"line":4,"column":0},"end":{"line":4,"column":16}},"4":{"start":{"line":11,"column":17},"end":{"line":11,"column":39}},"5":{"start":{"line":12,"column":2},"end":{"line":12,"column":null}},"6":{"start":{"line":10,"column":0},"end":{"line":10,"column":16}}},"fnMap":{"0":{"name":"hello","decl":{"start":{"line":4,"column":16},"end":{"line":4,"column":21}},"loc":{"start":{"line":4,"column":65},"end":{"line":7,"column":1}}},"1":{"name":"goodbye","decl":{"start":{"line":10,"column":16},"end":{"line":10,"column":23}},"loc":{"start":{"line":10,"column":67},"end":{"line":13,"column":1}}}},"branchMap":{"0":{"loc":{"start":{"line":5,"column":15},"end":{"line":5,"column":43}},"type":"binary-expr","locations":[{"start":{"line":5,"column":15},"end":{"line":5,"column":29}},{"start":{"line":5,"column":33},"end":{"line":5,"column":43}}]}},"s":{"0":2,"1":2,"2":2,"3":2,"4":1,"5":1,"6":2},"f":{"0":2,"1":1},"b":{"0":[2,1]}}
,"C:\\Users\\khale\\OneDrive\\Desktop\\Important stuff\\ROADMAP\\JS world\\Projects\\Real projects\\Kottab\\api-example\\src\\api\\controllers\\index.ts": {"path":"C:\\Users\\khale\\OneDrive\\Desktop\\Important stuff\\ROADMAP\\JS world\\Projects\\Real projects\\Kottab\\api-example\\src\\api\\controllers\\index.ts","statementMap":{"0":{"start":{"line":1,"column":0},"end":{"line":1,"column":26}},"1":{"start":{"line":2,"column":0},"end":{"line":2,"column":22}}},"fnMap":{},"branchMap":{},"s":{"0":2,"1":2},"f":{},"b":{}}
,"C:\\Users\\khale\\OneDrive\\Desktop\\Important stuff\\ROADMAP\\JS world\\Projects\\Real projects\\Kottab\\api-example\\src\\api\\controllers\\user.ts": {"path":"C:\\Users\\khale\\OneDrive\\Desktop\\Important stuff\\ROADMAP\\JS world\\Projects\\Real projects\\Kottab\\api-example\\src\\api\\controllers\\user.ts","statementMap":{"0":{"start":{"line":3,"column":0},"end":{"line":3,"column":50}},"1":{"start":{"line":4,"column":0},"end":{"line":4,"column":54}},"2":{"start":{"line":7,"column":16},"end":{"line":7,"column":42}},"3":{"start":{"line":8,"column":2},"end":{"line":21,"column":null}},"4":{"start":{"line":10,"column":6},"end":{"line":17,"column":null}},"5":{"start":{"line":11,"column":8},"end":{"line":13,"column":null}},"6":{"start":{"line":14,"column":8},"end":{"line":14,"column":null}},"7":{"start":{"line":16,"column":8},"end":{"line":16,"column":null}},"8":{"start":{"line":20,"column":6},"end":{"line":20,"column":null}},"9":{"start":{"line":6,"column":0},"end":{"line":6,"column":16}}},"fnMap":{"0":{"name":"auth","decl":{"start":{"line":6,"column":16},"end":{"line":6,"column":20}},"loc":{"start":{"line":6,"column":92},"end":{"line":22,"column":1}}},"1":{"name":"(anonymous_2)","decl":{"start":{"line":9,"column":10},"end":{"line":9,"column":22}},"loc":{"start":{"line":9,"column":22},"end":{"line":18,"column":5}}},"2":{"name":"(anonymous_3)","decl":{"start":{"line":19,"column":11},"end":{"line":19,"column":14}},"loc":{"start":{"line":19,"column":14},"end":{"line":21,"column":5}}}},"branchMap":{"0":{"loc":{"start":{"line":10,"column":6},"end":{"line":17,"column":null}},"type":"if","locations":[{"start":{"line":10,"column":6},"end":{"line":17,"column":null}},{"start":{"line":15,"column":13},"end":{"line":17,"column":null}}]}},"s":{"0":2,"1":2,"2":3,"3":3,"4":2,"5":1,"6":1,"7":1,"8":1,"9":2},"f":{"0":3,"1":2,"2":1},"b":{"0":[1,1]}}
,"C:\\Users\\khale\\OneDrive\\Desktop\\Important stuff\\ROADMAP\\JS world\\Projects\\Real projects\\Kottab\\api-example\\src\\api\\services\\user.ts": {"path":"C:\\Users\\khale\\OneDrive\\Desktop\\Important stuff\\ROADMAP\\JS world\\Projects\\Real projects\\Kottab\\api-example\\src\\api\\services\\user.ts","statementMap":{"0":{"start":{"line":5,"column":2},"end":{"line":13,"column":null}},"1":{"start":{"line":6,"column":18},"end":{"line":6,"column":52}},"2":{"start":{"line":7,"column":4},"end":{"line":10,"column":null}},"3":{"start":{"line":8,"column":6},"end":{"line":8,"column":null}},"4":{"start":{"line":9,"column":6},"end":{"line":9,"column":12}},"5":{"start":{"line":12,"column":4},"end":{"line":12,"column":null}},"6":{"start":{"line":16,"column":0},"end":{"line":16,"column":null}}},"fnMap":{"0":{"name":"auth","decl":{"start":{"line":4,"column":9},"end":{"line":4,"column":13}},"loc":{"start":{"line":4,"column":33},"end":{"line":14,"column":1}}},"1":{"name":"(anonymous_1)","decl":{"start":{"line":5,"column":21},"end":{"line":5,"column":30}},"loc":{"start":{"line":5,"column":45},"end":{"line":13,"column":3}}}},"branchMap":{"0":{"loc":{"start":{"line":7,"column":4},"end":{"line":10,"column":null}},"type":"if","locations":[{"start":{"line":7,"column":4},"end":{"line":10,"column":null}}]}},"s":{"0":4,"1":4,"2":4,"3":2,"4":2,"5":2,"6":3},"f":{"0":4,"1":4},"b":{"0":[2]}}
,"C:\\Users\\khale\\OneDrive\\Desktop\\Important stuff\\ROADMAP\\JS world\\Projects\\Real projects\\Kottab\\api-example\\src\\config\\index.ts": {"path":"C:\\Users\\khale\\OneDrive\\Desktop\\Important stuff\\ROADMAP\\JS world\\Projects\\Real projects\\Kottab\\api-example\\src\\config\\index.ts","statementMap":{"0":{"start":{"line":1,"column":0},"end":{"line":1,"column":45}},"1":{"start":{"line":2,"column":0},"end":{"line":2,"column":58}},"2":{"start":{"line":4,"column":12},"end":{"line":12,"column":2}},"3":{"start":{"line":14,"column":18},"end":{"line":14,"column":43}},"4":{"start":{"line":22,"column":23},"end":{"line":26,"column":2}},"5":{"start":{"line":28,"column":0},"end":{"line":28,"column":22}}},"fnMap":{},"branchMap":{},"s":{"0":2,"1":2,"2":2,"3":2,"4":2,"5":2},"f":{},"b":{}}
,"C:\\Users\\khale\\OneDrive\\Desktop\\Important stuff\\ROADMAP\\JS world\\Projects\\Real projects\\Kottab\\api-example\\src\\utils\\express_dev_logger.ts": {"path":"C:\\Users\\khale\\OneDrive\\Desktop\\Important stuff\\ROADMAP\\JS world\\Projects\\Real projects\\Kottab\\api-example\\src\\utils\\express_dev_logger.ts","statementMap":{"0":{"start":{"line":3,"column":13},"end":{"line":40,"column":2}},"1":{"start":{"line":8,"column":22},"end":{"line":8,"column":38}},"2":{"start":{"line":10,"column":2},"end":{"line":14,"column":4}},"3":{"start":{"line":15,"column":2},"end":{"line":15,"column":59}},"4":{"start":{"line":17,"column":29},"end":{"line":17,"column":49}},"5":{"start":{"line":17,"column":17},"end":{"line":17,"column":19}},"6":{"start":{"line":17,"column":25},"end":{"line":17,"column":29}},"7":{"start":{"line":18,"column":27},"end":{"line":18,"column":29}},"8":{"start":{"line":19,"column":3},"end":{"line":22,"column":4}},"9":{"start":{"line":20,"column":4},"end":{"line":20,"column":36}},"10":{"start":{"line":21,"column":5},"end":{"line":21,"column":49}},"11":{"start":{"line":24,"column":2},"end":{"line":37,"column":4}},"12":{"start":{"line":25,"column":4},"end":{"line":27,"column":null}},"13":{"start":{"line":26,"column":6},"end":{"line":26,"column":38}},"14":{"start":{"line":29,"column":26},"end":{"line":29,"column":53}},"15":{"start":{"line":30,"column":28},"end":{"line":30,"column":76}},"16":{"start":{"line":32,"column":4},"end":{"line":32,"column":79}},"17":{"start":{"line":34,"column":17},"end":{"line":34,"column":55}},"18":{"start":{"line":35,"column":4},"end":{"line":35,"column":42}},"19":{"start":{"line":36,"column":5},"end":{"line":36,"column":47}},"20":{"start":{"line":39,"column":2},"end":{"line":39,"column":9}}},"fnMap":{"0":{"name":"(anonymous_0)","decl":{"start":{"line":3,"column":32},"end":{"line":3,"column":null}},"loc":{"start":{"line":6,"column":28},"end":{"line":40,"column":1}}},"1":{"name":"(anonymous_1)","decl":{"start":{"line":19,"column":27},"end":{"line":19,"column":37}},"loc":{"start":{"line":19,"column":47},"end":{"line":22,"column":3}}},"2":{"name":"(anonymous_2)","decl":{"start":{"line":24,"column":12},"end":{"line":24,"column":22}},"loc":{"start":{"line":24,"column":32},"end":{"line":37,"column":3}}}},"branchMap":{"0":{"loc":{"start":{"line":25,"column":4},"end":{"line":27,"column":null}},"type":"if","locations":[{"start":{"line":25,"column":4},"end":{"line":27,"column":null}}]}},"s":{"0":2,"1":7,"2":7,"3":7,"4":7,"5":7,"6":7,"7":7,"8":7,"9":0,"10":0,"11":7,"12":7,"13":7,"14":7,"15":7,"16":7,"17":7,"18":7,"19":7,"20":7},"f":{"0":7,"1":0,"2":7},"b":{"0":[7]}}
}
