TN:
SF:src\api\controllers\greeting.ts
FN:4,hello
FN:10,goodbye
FNF:2
FNH:2
FNDA:2,hello
FNDA:1,goodbye
DA:2,1
DA:4,1
DA:5,2
DA:6,2
DA:10,1
DA:11,1
DA:12,1
LF:7
LH:7
BRDA:5,0,0,2
BRDA:5,0,1,1
BRF:2
BRH:2
end_of_record
TN:
SF:src\api\controllers\index.ts
FNF:0
FNH:0
DA:1,1
DA:2,1
LF:2
LH:2
BRF:0
BRH:0
end_of_record
TN:
SF:src\api\controllers\user.ts
FN:6,auth
FN:9,(anonymous_2)
FN:19,(anonymous_3)
FNF:3
FNH:2
FNDA:2,auth
FNDA:2,(anonymous_2)
FNDA:0,(anonymous_3)
DA:3,1
DA:4,1
DA:6,1
DA:7,2
DA:8,2
DA:10,2
DA:11,1
DA:14,1
DA:16,1
DA:20,0
LF:10
LH:9
BRDA:10,0,0,1
BRDA:10,0,1,1
BRF:2
BRH:2
end_of_record
TN:
SF:src\api\services\user.ts
FN:4,auth
FN:5,(anonymous_1)
FNF:2
FNH:2
FNDA:4,auth
FNDA:4,(anonymous_1)
DA:5,4
DA:6,4
DA:7,4
DA:8,2
DA:9,2
DA:12,2
DA:16,2
LF:7
LH:7
BRDA:7,0,0,2
BRF:1
BRH:1
end_of_record
TN:
SF:src\config\index.ts
FNF:0
FNH:0
DA:1,1
DA:2,1
DA:4,1
DA:14,1
DA:22,1
DA:28,1
LF:6
LH:6
BRF:0
BRH:0
end_of_record
TN:
SF:src\utils\express.ts
FN:4,writeJsonResponse
FNF:1
FNH:1
FNDA:4,writeJsonResponse
DA:4,1
DA:5,4
DA:6,4
DA:7,4
LF:4
LH:4
BRDA:5,0,0,4
BRDA:5,0,1,0
BRF:2
BRH:1
end_of_record
TN:
SF:src\utils\express_dev_logger.ts
FN:3,(anonymous_0)
FN:11,(anonymous_1)
FN:16,(anonymous_2)
FNF:3
FNH:0
FNDA:0,(anonymous_0)
FNDA:0,(anonymous_1)
FNDA:0,(anonymous_2)
DA:3,1
DA:4,0
DA:6,0
DA:7,0
DA:9,0
DA:10,0
DA:11,0
DA:12,0
DA:13,0
DA:16,0
DA:17,0
DA:18,0
DA:21,0
DA:22,0
DA:24,0
DA:26,0
DA:27,0
DA:28,0
DA:31,0
LF:19
LH:1
BRDA:17,0,0,0
BRF:1
BRH:0
end_of_record
TN:
SF:src\utils\server.ts
FN:12,createServer
FN:46,(anonymous_23)
FN:62,(anonymous_24)
FN:65,(anonymous_25)
FNF:4
FNH:4
FNDA:1,createServer
FNDA:2,(anonymous_23)
FNDA:2,(anonymous_24)
FNDA:3,(anonymous_25)
DA:1,1
DA:2,1
DA:3,1
DA:5,1
DA:6,1
DA:7,1
DA:8,1
DA:9,1
DA:10,1
DA:11,1
DA:12,1
DA:13,1
DA:14,1
DA:15,1
DA:16,1
DA:17,1
DA:19,1
DA:21,1
DA:22,0
DA:27,1
DA:28,0
DA:31,1
DA:32,0
DA:36,1
DA:42,2
DA:45,1
DA:52,2
DA:61,1
DA:63,2
DA:64,2
DA:65,3
DA:72,1
DA:73,1
LF:33
LH:30
BRDA:21,0,0,0
BRDA:27,1,0,0
BRDA:31,2,0,0
BRF:3
BRH:0
end_of_record
