TN:
SF:src\api\controllers\greeting.ts
FN:4,hello
FN:10,goodbye
FNF:2
FNH:2
FNDA:2,hello
FNDA:1,goodbye
DA:2,2
DA:4,2
DA:5,2
DA:6,2
DA:10,2
DA:11,1
DA:12,1
LF:7
LH:7
BRDA:5,0,0,2
BRDA:5,0,1,1
BRF:2
BRH:2
end_of_record
TN:
SF:src\api\controllers\index.ts
FNF:0
FNH:0
DA:1,2
DA:2,2
LF:2
LH:2
BRF:0
BRH:0
end_of_record
TN:
SF:src\api\controllers\user.ts
FN:6,auth
FN:9,(anonymous_2)
FN:19,(anonymous_3)
FNF:3
FNH:3
FNDA:3,auth
FNDA:2,(anonymous_2)
FNDA:1,(anonymous_3)
DA:3,2
DA:4,2
DA:6,2
DA:7,3
DA:8,3
DA:10,2
DA:11,1
DA:14,1
DA:16,1
DA:20,1
LF:10
LH:10
BRDA:10,0,0,1
BRDA:10,0,1,1
BRF:2
BRH:2
end_of_record
TN:
SF:src\api\services\user.ts
FN:4,auth
FN:5,(anonymous_1)
FNF:2
FNH:2
FNDA:4,auth
FNDA:4,(anonymous_1)
DA:5,4
DA:6,4
DA:7,4
DA:8,2
DA:9,2
DA:12,2
DA:16,3
LF:7
LH:7
BRDA:7,0,0,2
BRF:1
BRH:1
end_of_record
TN:
SF:src\config\index.ts
FNF:0
FNH:0
DA:1,2
DA:2,2
DA:4,2
DA:14,2
DA:22,2
DA:28,2
LF:6
LH:6
BRF:0
BRH:0
end_of_record
TN:
SF:src\utils\express_dev_logger.ts
FN:3,(anonymous_0)
FN:19,(anonymous_1)
FN:24,(anonymous_2)
FNF:3
FNH:2
FNDA:7,(anonymous_0)
FNDA:0,(anonymous_1)
FNDA:7,(anonymous_2)
DA:3,2
DA:8,7
DA:10,7
DA:15,7
DA:17,7
DA:18,7
DA:19,7
DA:20,0
DA:21,0
DA:24,7
DA:25,7
DA:26,7
DA:29,7
DA:30,7
DA:32,7
DA:34,7
DA:35,7
DA:36,7
DA:39,7
LF:19
LH:17
BRDA:25,0,0,7
BRF:1
BRH:1
end_of_record
